<?xml version="1.0" encoding="UTF-8"?>
<testsuite xmlns:xsi="http://www.w3.org/2001/XMLSchema-instance" xsi:noNamespaceSchemaLocation="https://maven.apache.org/surefire/maven-surefire-plugin/xsd/surefire-test-report-3.0.xsd" version="3.0" name="com.mlbeez.feeder.FeedMediaControllerTests" time="9.333" tests="2" errors="0" skipped="0" failures="0">
  <properties>
[...]
</properties>
  <testcase name="noParamGreetingShouldReturnDefaultMessage" classname="com.mlbeez.feeder.FeedMediaControllerTests" time="0.998">
    <system-out><![CDATA[19:33:59.510 [main] INFO org.springframework.test.context.support.AnnotationConfigContextLoaderUtils -- Could not detect default configuration classes for test class [com.mlbeez.feeder.FeedMediaControllerTests]: FeedMediaControllerTests does not declare any static, non-private, non-final, nested classes annotated with @Configuration.
19:33:59.662 [main] INFO org.springframework.boot.test.context.SpringBootTestContextBootstrapper -- Found @SpringBootConfiguration com.mlbeez.feeder.RestServiceApplication for test class com.mlbeez.feeder.FeedMediaControllerTests
19:33:59.917 [main] INFO org.springframework.boot.devtools.restart.RestartApplicationListener -- Restart disabled due to context in which it is running

  .   ____          _            __ _ _
 /\\ / ___'_ __ _ _(_)_ __  __ _ \ \ \ \
( ( )\___ | '_ | '_| | '_ \/ _` | \ \ \ \
 \\/  ___)| |_)| | | | | || (_| |  ) ) ) )
  '  |____| .__|_| |_|_| |_\__, | / / / /
 =========|_|==============|___/=/_/_/_/
 :: Spring Boot ::                (v3.2.0)

2024-05-24T19:34:00.372+05:30  INFO 26496 --- [           main] c.m.feeder.FeedMediaControllerTests      : Starting FeedMediaControllerTests using Java 20 with PID 26496 (started by hajam in C:\El_project\FirstHub\melbeez)
2024-05-24T19:34:00.373+05:30  INFO 26496 --- [           main] c.m.feeder.FeedMediaControllerTests      : No active profile set, falling back to 1 default profile: "default"
2024-05-24T19:34:01.651+05:30  INFO 26496 --- [           main] .s.d.r.c.RepositoryConfigurationDelegate : Bootstrapping Spring Data JPA repositories in DEFAULT mode.
2024-05-24T19:34:01.852+05:30  INFO 26496 --- [           main] .s.d.r.c.RepositoryConfigurationDelegate : Finished Spring Data repository scanning in 190 ms. Found 1 JPA repository interface.
2024-05-24T19:34:03.014+05:30  INFO 26496 --- [           main] o.hibernate.jpa.internal.util.LogHelper  : HHH000204: Processing PersistenceUnitInfo [name: default]
2024-05-24T19:34:03.112+05:30  INFO 26496 --- [           main] org.hibernate.Version                    : HHH000412: Hibernate ORM core version 6.3.1.Final
2024-05-24T19:34:03.162+05:30  INFO 26496 --- [           main] o.h.c.internal.RegionFactoryInitiator    : HHH000026: Second-level cache disabled
2024-05-24T19:34:03.898+05:30  INFO 26496 --- [           main] o.s.o.j.p.SpringPersistenceUnitInfo      : No LoadTimeWeaver setup: ignoring JPA class transformer
2024-05-24T19:34:03.949+05:30  INFO 26496 --- [           main] com.zaxxer.hikari.HikariDataSource       : HikariPool-1 - Starting...
2024-05-24T19:34:04.263+05:30  INFO 26496 --- [           main] com.zaxxer.hikari.pool.HikariPool        : HikariPool-1 - Added connection org.postgresql.jdbc.PgConnection@5fa0141f
2024-05-24T19:34:04.266+05:30  INFO 26496 --- [           main] com.zaxxer.hikari.HikariDataSource       : HikariPool-1 - Start completed.
2024-05-24T19:34:04.330+05:30  WARN 26496 --- [           main] org.hibernate.orm.deprecation            : HHH90000025: PostgreSQLDialect does not need to be specified explicitly using 'hibernate.dialect' (remove the property setting and it will be selected by default)
2024-05-24T19:34:05.910+05:30  INFO 26496 --- [           main] o.h.e.t.j.p.i.JtaPlatformInitiator       : HHH000489: No JTA platform available (set 'hibernate.transaction.jta.platform' to enable JTA platform integration)
2024-05-24T19:34:05.913+05:30  INFO 26496 --- [           main] j.LocalContainerEntityManagerFactoryBean : Initialized JPA EntityManagerFactory for persistence unit 'default'
2024-05-24T19:34:06.742+05:30  WARN 26496 --- [           main] JpaBaseConfiguration$JpaWebConfiguration : spring.jpa.open-in-view is enabled by default. Therefore, database queries may be performed during view rendering. Explicitly configure spring.jpa.open-in-view to disable this warning
2024-05-24T19:34:07.407+05:30  INFO 26496 --- [           main] o.s.b.t.m.w.SpringBootMockServletContext : Initializing Spring TestDispatcherServlet ''
2024-05-24T19:34:07.407+05:30  INFO 26496 --- [           main] o.s.t.web.servlet.TestDispatcherServlet  : Initializing Servlet ''
2024-05-24T19:34:07.409+05:30  INFO 26496 --- [           main] o.s.t.web.servlet.TestDispatcherServlet  : Completed initialization in 1 ms
2024-05-24T19:34:07.559+05:30  INFO 26496 --- [           main] c.m.feeder.FeedMediaControllerTests      : Started FeedMediaControllerTests in 7.658 seconds (process running for 9.17)
]]></system-out>
  </testcase>
  <testcase name="paramGreetingShouldReturnTailoredMessage" classname="com.mlbeez.feeder.FeedMediaControllerTests" time="0.004"/>
</testsuite>